
BL51 BANKED LINKER/LOCATER V6.05 - SN: Eval Version
COPYRIGHT KEIL ELEKTRONIK GmbH 1987 - 2007
E:\WebServer\Analog.obj,
E:\WebServer\Arp.obj,
E:\WebServer\Cksum.obj,
E:\WebServer\Http.obj,
E:\WebServer\Icmp.obj,
E:\WebServer\Ip.obj,
E:\WebServer\Main.obj,
E:\WebServer\Tcp.obj,
E:\WebServer\Timer.obj,
E:\WebServer\Udp.obj,
E:\WebServer\Webdoc1.obj,
E:\WebServer\CP220x_REG.obj  TO E:\WebServer\Analog RS(255) PL(68) PW(78) 

******************************************************************************
* RESTRICTED VERSION WITH 0800H BYTE CODE SIZE LIMIT; USED: 850DH BYTE (1663%) *
******************************************************************************

>> 
>> 
>> 
Program Size: data=179.3 xdata=3503 code=36148
LINK/LOCATE RUN COMPLETE.  0 WARNING(S),  0 ERROR(S)

*** FATAL ERROR L250: CODE SIZE LIMIT IN RESTRICTED VERSION EXCEEDED
    MODULE:  C:\SILABS\MCU\IDEFILES\C51\LIB\C51S.LIB (-----)
    LIMIT:   0800H BYTES